<?xml version="1.0" encoding="UTF-8"?>
<testsuite name="com.hellozo0.book.springboot.web.dto.HelloResponseDtoTest" tests="1" skipped="0" failures="0" errors="0" timestamp="2022-04-04T18:33:59" hostname="annyeongjuui-MacBookPro.local" time="0.052">
  <properties/>
  <testcase name="롬북_기능_테스트" classname="com.hellozo0.book.springboot.web.dto.HelloResponseDtoTest" time="0.052"/>
  <system-out><![CDATA[]]></system-out>
  <system-err><![CDATA[]]></system-err>
</testsuite>
