<?xml version="1.0" encoding="UTF-8"?>
<testsuite name="com.hellozo0.book.springboot.web.domain.posts.PostRepositoryTest" tests="1" skipped="0" failures="0" errors="0" timestamp="2022-04-13T13:14:36" hostname="annyeongjuui-MacBookPro.local" time="0.342">
  <properties/>
  <testcase name="게시글저장_불러오기" classname="com.hellozo0.book.springboot.web.domain.posts.PostRepositoryTest" time="0.342"/>
  <system-out><![CDATA[22:14:29.617 [Test worker] DEBUG org.springframework.test.context.junit4.SpringJUnit4ClassRunner - SpringJUnit4ClassRunner constructor called with [class com.hellozo0.book.springboot.web.domain.posts.PostRepositoryTest]
22:14:29.632 [Test worker] DEBUG org.springframework.test.context.BootstrapUtils - Instantiating CacheAwareContextLoaderDelegate from class [org.springframework.test.context.cache.DefaultCacheAwareContextLoaderDelegate]
22:14:29.641 [Test worker] DEBUG org.springframework.test.context.BootstrapUtils - Instantiating BootstrapContext using constructor [public org.springframework.test.context.support.DefaultBootstrapContext(java.lang.Class,org.springframework.test.context.CacheAwareContextLoaderDelegate)]
22:14:29.662 [Test worker] DEBUG org.springframework.test.context.BootstrapUtils - Instantiating TestContextBootstrapper for test class [com.hellozo0.book.springboot.web.domain.posts.PostRepositoryTest] from class [org.springframework.boot.test.context.SpringBootTestContextBootstrapper]
22:14:29.675 [Test worker] INFO org.springframework.boot.test.context.SpringBootTestContextBootstrapper - Neither @ContextConfiguration nor @ContextHierarchy found for test class [com.hellozo0.book.springboot.web.domain.posts.PostRepositoryTest], using SpringBootContextLoader
22:14:29.678 [Test worker] DEBUG org.springframework.test.context.support.AbstractContextLoader - Did not detect default resource location for test class [com.hellozo0.book.springboot.web.domain.posts.PostRepositoryTest]: class path resource [com/hellozo0/book/springboot/web/domain/posts/PostRepositoryTest-context.xml] does not exist
22:14:29.679 [Test worker] DEBUG org.springframework.test.context.support.AbstractContextLoader - Did not detect default resource location for test class [com.hellozo0.book.springboot.web.domain.posts.PostRepositoryTest]: class path resource [com/hellozo0/book/springboot/web/domain/posts/PostRepositoryTestContext.groovy] does not exist
22:14:29.679 [Test worker] INFO org.springframework.test.context.support.AbstractContextLoader - Could not detect default resource locations for test class [com.hellozo0.book.springboot.web.domain.posts.PostRepositoryTest]: no resource found for suffixes {-context.xml, Context.groovy}.
22:14:29.680 [Test worker] INFO org.springframework.test.context.support.AnnotationConfigContextLoaderUtils - Could not detect default configuration classes for test class [com.hellozo0.book.springboot.web.domain.posts.PostRepositoryTest]: PostRepositoryTest does not declare any static, non-private, non-final, nested classes annotated with @Configuration.
22:14:29.744 [Test worker] DEBUG org.springframework.test.context.support.ActiveProfilesUtils - Could not find an 'annotation declaring class' for annotation type [org.springframework.test.context.ActiveProfiles] and class [com.hellozo0.book.springboot.web.domain.posts.PostRepositoryTest]
22:14:29.892 [Test worker] DEBUG org.springframework.context.annotation.ClassPathScanningCandidateComponentProvider - Identified candidate component class: file [/Users/anhyeonju/Desktop/ServerLabs/spring-ch1/build/classes/java/main/com/hellozo0/book/springboot/Application.class]
22:14:29.894 [Test worker] INFO org.springframework.boot.test.context.SpringBootTestContextBootstrapper - Found @SpringBootConfiguration com.hellozo0.book.springboot.Application for test class com.hellozo0.book.springboot.web.domain.posts.PostRepositoryTest
22:14:29.966 [Test worker] DEBUG org.springframework.boot.test.context.SpringBootTestContextBootstrapper - @TestExecutionListeners is not present for class [com.hellozo0.book.springboot.web.domain.posts.PostRepositoryTest]: using defaults.
22:14:29.968 [Test worker] INFO org.springframework.boot.test.context.SpringBootTestContextBootstrapper - Loaded default TestExecutionListener class names from location [META-INF/spring.factories]: [org.springframework.boot.test.autoconfigure.restdocs.RestDocsTestExecutionListener, org.springframework.boot.test.autoconfigure.web.client.MockRestServiceServerResetTestExecutionListener, org.springframework.boot.test.autoconfigure.web.servlet.MockMvcPrintOnlyOnFailureTestExecutionListener, org.springframework.boot.test.autoconfigure.web.servlet.WebDriverTestExecutionListener, org.springframework.boot.test.mock.mockito.MockitoTestExecutionListener, org.springframework.boot.test.mock.mockito.ResetMocksTestExecutionListener, org.springframework.test.context.web.ServletTestExecutionListener, org.springframework.test.context.support.DirtiesContextBeforeModesTestExecutionListener, org.springframework.test.context.support.DependencyInjectionTestExecutionListener, org.springframework.test.context.support.DirtiesContextTestExecutionListener, org.springframework.test.context.transaction.TransactionalTestExecutionListener, org.springframework.test.context.jdbc.SqlScriptsTestExecutionListener]
22:14:29.985 [Test worker] INFO org.springframework.boot.test.context.SpringBootTestContextBootstrapper - Using TestExecutionListeners: [org.springframework.test.context.web.ServletTestExecutionListener@32b6b406, org.springframework.test.context.support.DirtiesContextBeforeModesTestExecutionListener@225e2573, org.springframework.boot.test.mock.mockito.MockitoTestExecutionListener@2560e1ee, org.springframework.boot.test.autoconfigure.SpringBootDependencyInjectionTestExecutionListener@45a72dbb, org.springframework.test.context.support.DirtiesContextTestExecutionListener@4236a78d, org.springframework.test.context.transaction.TransactionalTestExecutionListener@11106705, org.springframework.test.context.jdbc.SqlScriptsTestExecutionListener@335d9b58, org.springframework.boot.test.autoconfigure.restdocs.RestDocsTestExecutionListener@4f6ba27d, org.springframework.boot.test.autoconfigure.web.client.MockRestServiceServerResetTestExecutionListener@38967ed2, org.springframework.boot.test.autoconfigure.web.servlet.MockMvcPrintOnlyOnFailureTestExecutionListener@2a2c1e8a, org.springframework.boot.test.autoconfigure.web.servlet.WebDriverTestExecutionListener@7574d7cc, org.springframework.boot.test.mock.mockito.ResetMocksTestExecutionListener@679eeb55]
22:14:30.007 [Test worker] DEBUG org.springframework.test.annotation.ProfileValueUtils - Retrieved @ProfileValueSourceConfiguration [null] for test class [com.hellozo0.book.springboot.web.domain.posts.PostRepositoryTest]
22:14:30.009 [Test worker] DEBUG org.springframework.test.annotation.ProfileValueUtils - Retrieved ProfileValueSource type [class org.springframework.test.annotation.SystemProfileValueSource] for class [com.hellozo0.book.springboot.web.domain.posts.PostRepositoryTest]
22:14:30.016 [Test worker] DEBUG org.springframework.test.annotation.ProfileValueUtils - Retrieved @ProfileValueSourceConfiguration [null] for test class [com.hellozo0.book.springboot.web.domain.posts.PostRepositoryTest]
22:14:30.017 [Test worker] DEBUG org.springframework.test.annotation.ProfileValueUtils - Retrieved ProfileValueSource type [class org.springframework.test.annotation.SystemProfileValueSource] for class [com.hellozo0.book.springboot.web.domain.posts.PostRepositoryTest]
22:14:30.018 [Test worker] DEBUG org.springframework.test.annotation.ProfileValueUtils - Retrieved @ProfileValueSourceConfiguration [null] for test class [com.hellozo0.book.springboot.web.domain.posts.PostRepositoryTest]
22:14:30.018 [Test worker] DEBUG org.springframework.test.annotation.ProfileValueUtils - Retrieved ProfileValueSource type [class org.springframework.test.annotation.SystemProfileValueSource] for class [com.hellozo0.book.springboot.web.domain.posts.PostRepositoryTest]
22:14:30.022 [Test worker] DEBUG org.springframework.test.context.support.AbstractDirtiesContextTestExecutionListener - Before test class: context [DefaultTestContext@1737bc7 testClass = PostRepositoryTest, testInstance = [null], testMethod = [null], testException = [null], mergedContextConfiguration = [WebMergedContextConfiguration@7a4d9692 testClass = PostRepositoryTest, locations = '{}', classes = '{class com.hellozo0.book.springboot.Application}', contextInitializerClasses = '[]', activeProfiles = '{}', propertySourceLocations = '{}', propertySourceProperties = '{org.springframework.boot.test.context.SpringBootTestContextBootstrapper=true}', contextCustomizers = set[org.springframework.boot.test.autoconfigure.properties.PropertyMappingContextCustomizer@0, org.springframework.boot.test.autoconfigure.web.servlet.WebDriverContextCustomizerFactory$Customizer@4a31bff0, org.springframework.boot.test.context.filter.ExcludeFilterContextCustomizer@5eded635, org.springframework.boot.test.json.DuplicateJsonObjectContextCustomizerFactory$DuplicateJsonObjectContextCustomizer@50542909, org.springframework.boot.test.mock.mockito.MockitoContextCustomizer@0, org.springframework.boot.test.web.client.TestRestTemplateContextCustomizer@230cd9a2], resourceBasePath = 'src/main/webapp', contextLoader = 'org.springframework.boot.test.context.SpringBootContextLoader', parent = [null]], attributes = map['org.springframework.test.context.web.ServletTestExecutionListener.activateListener' -> true]], class annotated with @DirtiesContext [false] with mode [null].
22:14:30.023 [Test worker] DEBUG org.springframework.test.annotation.ProfileValueUtils - Retrieved @ProfileValueSourceConfiguration [null] for test class [com.hellozo0.book.springboot.web.domain.posts.PostRepositoryTest]
22:14:30.023 [Test worker] DEBUG org.springframework.test.annotation.ProfileValueUtils - Retrieved ProfileValueSource type [class org.springframework.test.annotation.SystemProfileValueSource] for class [com.hellozo0.book.springboot.web.domain.posts.PostRepositoryTest]
22:14:30.088 [Test worker] DEBUG org.springframework.test.context.support.TestPropertySourceUtils - Adding inlined properties to environment: {spring.jmx.enabled=false, org.springframework.boot.test.context.SpringBootTestContextBootstrapper=true, server.port=-1}

  .   ____          _            __ _ _
 /\\ / ___'_ __ _ _(_)_ __  __ _ \ \ \ \
( ( )\___ | '_ | '_| | '_ \/ _` | \ \ \ \
 \\/  ___)| |_)| | | | | || (_| |  ) ) ) )
  '  |____| .__|_| |_|_| |_\__, | / / / /
 =========|_|==============|___/=/_/_/_/
 :: Spring Boot ::        (v2.1.7.RELEASE)

2022-04-13 22:14:30.685  INFO 2529 --- [    Test worker] c.h.b.s.w.d.posts.PostRepositoryTest     : Starting PostRepositoryTest on annyeongjuui-MacBookPro.local with PID 2529 (started by anhyeonju in /Users/anhyeonju/Desktop/ServerLabs/spring-ch1)
2022-04-13 22:14:30.688  INFO 2529 --- [    Test worker] c.h.b.s.w.d.posts.PostRepositoryTest     : No active profile set, falling back to default profiles: default
2022-04-13 22:14:31.879  INFO 2529 --- [    Test worker] .s.d.r.c.RepositoryConfigurationDelegate : Bootstrapping Spring Data repositories in DEFAULT mode.
2022-04-13 22:14:32.047  INFO 2529 --- [    Test worker] .s.d.r.c.RepositoryConfigurationDelegate : Finished Spring Data repository scanning in 157ms. Found 1 repository interfaces.
2022-04-13 22:14:32.675  INFO 2529 --- [    Test worker] trationDelegate$BeanPostProcessorChecker : Bean 'org.springframework.transaction.annotation.ProxyTransactionManagementConfiguration' of type [org.springframework.transaction.annotation.ProxyTransactionManagementConfiguration$$EnhancerBySpringCGLIB$$3473822d] is not eligible for getting processed by all BeanPostProcessors (for example: not eligible for auto-proxying)
2022-04-13 22:14:33.119  INFO 2529 --- [    Test worker] com.zaxxer.hikari.HikariDataSource       : HikariPool-1 - Starting...
2022-04-13 22:14:33.279  INFO 2529 --- [    Test worker] com.zaxxer.hikari.HikariDataSource       : HikariPool-1 - Start completed.
2022-04-13 22:14:33.430  INFO 2529 --- [    Test worker] o.hibernate.jpa.internal.util.LogHelper  : HHH000204: Processing PersistenceUnitInfo [
	name: default
	...]
2022-04-13 22:14:33.486  INFO 2529 --- [    Test worker] org.hibernate.Version                    : HHH000412: Hibernate Core {5.3.10.Final}
2022-04-13 22:14:33.487  INFO 2529 --- [    Test worker] org.hibernate.cfg.Environment            : HHH000206: hibernate.properties not found
2022-04-13 22:14:33.637  INFO 2529 --- [    Test worker] o.hibernate.annotations.common.Version   : HCANN000001: Hibernate Commons Annotations {5.0.4.Final}
2022-04-13 22:14:33.758  INFO 2529 --- [    Test worker] org.hibernate.dialect.Dialect            : HHH000400: Using dialect: org.hibernate.dialect.MySQL5InnoDBDialect
Hibernate: drop table if exists posts
Hibernate: create table posts (id bigint not null auto_increment, author varchar(255), content TEXT not null, title varchar(500) not null, primary key (id)) engine=InnoDB
2022-04-13 22:14:34.365  INFO 2529 --- [    Test worker] o.h.t.schema.internal.SchemaCreatorImpl  : HHH000476: Executing import script 'org.hibernate.tool.schema.internal.exec.ScriptSourceInputNonExistentImpl@df68470'
2022-04-13 22:14:34.368  INFO 2529 --- [    Test worker] j.LocalContainerEntityManagerFactoryBean : Initialized JPA EntityManagerFactory for persistence unit 'default'
2022-04-13 22:14:35.791  INFO 2529 --- [    Test worker] o.s.s.concurrent.ThreadPoolTaskExecutor  : Initializing ExecutorService 'applicationTaskExecutor'
2022-04-13 22:14:35.852  WARN 2529 --- [    Test worker] aWebConfiguration$JpaWebMvcConfiguration : spring.jpa.open-in-view is enabled by default. Therefore, database queries may be performed during view rendering. Explicitly configure spring.jpa.open-in-view to disable this warning
2022-04-13 22:14:36.253  INFO 2529 --- [    Test worker] c.h.b.s.w.d.posts.PostRepositoryTest     : Started PostRepositoryTest in 6.157 seconds (JVM running for 7.539)
Hibernate: insert into posts (author, content, title) values (?, ?, ?)
2022-04-13 22:14:36.513  INFO 2529 --- [    Test worker] o.h.h.i.QueryTranslatorFactoryInitiator  : HHH000397: Using ASTQueryTranslatorFactory
Hibernate: select posts0_.id as id1_0_, posts0_.author as author2_0_, posts0_.content as content3_0_, posts0_.title as title4_0_ from posts posts0_
Hibernate: select posts0_.id as id1_0_, posts0_.author as author2_0_, posts0_.content as content3_0_, posts0_.title as title4_0_ from posts posts0_
Hibernate: delete from posts where id=?
]]></system-out>
  <system-err><![CDATA[]]></system-err>
</testsuite>
